<?xml version="1.0" encoding="UTF-8"?>
<testng-results ignored="0" total="1" passed="1" failed="0" skipped="0">
  <reporter-output>
  </reporter-output>
  <suite started-at="2024-07-21T20:29:32 IST" name="Vtiger Login Automation" finished-at="2024-07-21T20:29:41 IST" duration-ms="9055">
    <groups>
    </groups>
    <test started-at="2024-07-21T20:29:32 IST" name="loginToVtiger" finished-at="2024-07-21T20:29:41 IST" duration-ms="9055">
      <class name="com.parameter.ParameterExample">
        <test-method signature="loginToVtiger(java.lang.String,java.lang.String,java.lang.String,java.lang.String)[pri:0, instance:com.parameter.ParameterExample@72057ecf]" started-at="2024-07-21T20:29:32 IST" name="loginToVtiger" finished-at="2024-07-21T20:29:41 IST" duration-ms="9028" status="PASS">
          <params>
            <param index="0">
              <value>
                <![CDATA[firefox]]>
              </value>
            </param>
            <param index="1">
              <value>
                <![CDATA[http://localhost:8888]]>
              </value>
            </param>
            <param index="2">
              <value>
                <![CDATA[admin]]>
              </value>
            </param>
            <param index="3">
              <value>
                <![CDATA[admin]]>
              </value>
            </param>
          </params>
          <reporter-output>
          </reporter-output>
        </test-method> <!-- loginToVtiger -->
      </class> <!-- com.parameter.ParameterExample -->
    </test> <!-- loginToVtiger -->
  </suite> <!-- Vtiger Login Automation -->
</testng-results>
